f:\twitter_project\pac-twitter-project\build\obj\debug\x64\vc142.pdb
f:\twitter_project\pac-twitter-project\build\obj\debug\x64\vc142.idb
f:\twitter_project\pac-twitter-project\build\obj\debug\x64\settingswindow.obj
f:\twitter_project\pac-twitter-project\build\obj\debug\x64\settings.obj
f:\twitter_project\pac-twitter-project\build\obj\debug\x64\runtime.obj
f:\twitter_project\pac-twitter-project\build\obj\debug\x64\registerwindow.obj
f:\twitter_project\pac-twitter-project\build\obj\debug\x64\profilewindow.obj
f:\twitter_project\pac-twitter-project\build\obj\debug\x64\profile.obj
f:\twitter_project\pac-twitter-project\build\obj\debug\x64\postwindow.obj
f:\twitter_project\pac-twitter-project\build\obj\debug\x64\postwidget.obj
f:\twitter_project\pac-twitter-project\build\obj\debug\x64\post.obj
f:\twitter_project\pac-twitter-project\build\obj\debug\x64\notificationswindow.obj
f:\twitter_project\pac-twitter-project\build\obj\debug\x64\notifications.obj
f:\twitter_project\pac-twitter-project\build\obj\debug\x64\menu.obj
f:\twitter_project\pac-twitter-project\build\obj\debug\x64\mainmenuwindow.obj
f:\twitter_project\pac-twitter-project\build\obj\debug\x64\main.obj
f:\twitter_project\pac-twitter-project\build\obj\debug\x64\iwindow.obj
f:\twitter_project\pac-twitter-project\build\obj\debug\x64\friendrequest.obj
f:\twitter_project\pac-twitter-project\build\obj\debug\x64\errorwindow.obj
f:\twitter_project\pac-twitter-project\build\obj\debug\x64\comment.obj
f:\twitter_project\pac-twitter-project\build\obj\debug\x64\client.obj
f:\twitter_project\pac-twitter-project\build\obj\debug\x64\button.obj
f:\twitter_project\pac-twitter-project\build\obj\debug\x64\widget.obj
f:\twitter_project\pac-twitter-project\build\obj\debug\x64\userlogin.obj
f:\twitter_project\pac-twitter-project\build\obj\debug\x64\user.obj
f:\twitter_project\pac-twitter-project\build\obj\debug\x64\textbutton.obj
f:\twitter_project\pac-twitter-project\build\obj\debug\x64\textbox.obj
f:\twitter_project\pac-twitter-project\build\obj\debug\x64\twitter-client-side.ilk
f:\twitter_project\pac-twitter-project\build\bin\debug\x64\twitter-client-side.exe
f:\twitter_project\pac-twitter-project\build\bin\debug\x64\twitter-client-side.pdb
f:\twitter_project\pac-twitter-project\build\obj\debug\x64\twitter-.fe91db4e.tlog\cl.command.1.tlog
f:\twitter_project\pac-twitter-project\build\obj\debug\x64\twitter-.fe91db4e.tlog\cl.read.1.tlog
f:\twitter_project\pac-twitter-project\build\obj\debug\x64\twitter-.fe91db4e.tlog\cl.write.1.tlog
f:\twitter_project\pac-twitter-project\build\obj\debug\x64\twitter-.fe91db4e.tlog\link.command.1.tlog
f:\twitter_project\pac-twitter-project\build\obj\debug\x64\twitter-.fe91db4e.tlog\link.read.1.tlog
f:\twitter_project\pac-twitter-project\build\obj\debug\x64\twitter-.fe91db4e.tlog\link.write.1.tlog
